生成启动时间为 2019/5/17 12:54:24。
     1>项目“C:\apps\redis-win-3.0.503\src\Win32_Interop\Win32_Interop.vcxproj”在节点 2 上(Rebuild 个目标)。
     1>CustomBuild:
         Performing Custom Build Tools
         子目录或文件 resources 已经存在。
         MC: Compiling EventLog.mc
         Microsoft (R) Windows (R) Resource Compiler Version 6.3.9600.16384
         
         Copyright (C) Microsoft Corporation.  All rights reserved.
         
         
         Microsoft (R) Incremental Linker Version 12.00.21005.1
         Copyright (C) Microsoft Corporation.  All rights reserved.
         
     1>LINK : warning LNK4068: 未指定 /MACHINE；默认设置为 X86
       ClCompile:
         C:\Program Files (x86)\Microsoft Visual Studio 12.0\VC\bin\x86_amd64\CL.exe /c /I"C:\apps\redis-win-3.0.503\src\Win32_Interop\..\..\deps\lua\src" /I"C:\apps\redis-win-3.0.503\src\Win32_Interop\..\..\deps\jemalloc-win\include" /Zi /nologo /W3 /WX- /Od /D USE_STATIC /D USE_JEMALLOC /D _OFF_T_DEFINED /D WIN32 /D _DEBUG /D _LIB /D _UNICODE /D UNICODE /D LACKS_STDLIB_H /D _CRT_SECURE_NO_WARNINGS /D PSAPI_VERSION=1 /Gm /EHsc /RTC1 /MTd /GS /fp:precise /Zc:wchar_t /Zc:forScope /Fo"x64\Debug\\" /Fd"x64\Debug\vc120.pdb" /Gd /TC /errorReport:prompt win32fixes.c Win32_ANSI.c Win32_APIs.c Win32_dlmalloc.c Win32_Error.c Win32_PThread.c Win32_QFork_impl.c Win32_RedisLog.c Win32_Signal_Process.c Win32_ThreadControl.c Win32_Time.c win32_wsiocp.c
         win32_wsiocp.c
         Win32_Time.c
         Win32_ThreadControl.c
         Win32_Signal_Process.c
         Win32_RedisLog.c
         Win32_QFork_impl.c
         Win32_PThread.c
         Win32_Error.c
         Win32_dlmalloc.c
         Win32_APIs.c
         Win32_ANSI.c
         win32fixes.c
         正在生成代码...
         C:\Program Files (x86)\Microsoft Visual Studio 12.0\VC\bin\x86_amd64\CL.exe /c /I"C:\apps\redis-win-3.0.503\src\Win32_Interop\..\..\deps\lua\src" /I"C:\apps\redis-win-3.0.503\src\Win32_Interop\..\..\deps\jemalloc-win\include" /Zi /nologo /W3 /WX- /Od /D USE_STATIC /D USE_JEMALLOC /D _OFF_T_DEFINED /D WIN32 /D _DEBUG /D _LIB /D _UNICODE /D UNICODE /D LACKS_STDLIB_H /D _CRT_SECURE_NO_WARNINGS /D PSAPI_VERSION=1 /Gm /EHsc /RTC1 /MTd /GS /fp:precise /Zc:wchar_t /Zc:forScope /Fo"x64\Debug\\" /Fd"x64\Debug\vc120.pdb" /Gd /TP /errorReport:prompt Win32_CommandLine.cpp Win32_Common.cpp Win32_EventLog.cpp Win32_FDAPI.cpp Win32_fdapi_crt.cpp Win32_QFork.cpp win32_rfdmap.cpp Win32_service.cpp Win32_StackTrace.cpp Win32_variadicFunctor.cpp
         Win32_variadicFunctor.cpp
         Win32_StackTrace.cpp
         Win32_service.cpp
         win32_rfdmap.cpp
         Win32_QFork.cpp
         Win32_fdapi_crt.cpp
         Win32_FDAPI.cpp
         Win32_EventLog.cpp
         Win32_Common.cpp
         Win32_CommandLine.cpp
         正在生成代码...
       Lib:
         C:\Program Files (x86)\Microsoft Visual Studio 12.0\VC\bin\x86_amd64\Lib.exe /OUT:"C:\apps\redis-win-3.0.503\msvs\x64\Debug\Win32_Interop.lib" DbgHelp.lib /NOLOGO /NODEFAULTLIB:MSVCRT /MACHINE:X64 /MACHINE:X64 x64\Debug\win32fixes.obj
         x64\Debug\Win32_ANSI.obj
         x64\Debug\Win32_APIs.obj
         x64\Debug\Win32_CommandLine.obj
         x64\Debug\Win32_Common.obj
         x64\Debug\Win32_dlmalloc.obj
         x64\Debug\Win32_Error.obj
         x64\Debug\Win32_EventLog.obj
         x64\Debug\Win32_FDAPI.obj
         x64\Debug\Win32_fdapi_crt.obj
         x64\Debug\Win32_PThread.obj
         x64\Debug\Win32_QFork.obj
         x64\Debug\Win32_QFork_impl.obj
         x64\Debug\Win32_RedisLog.obj
         x64\Debug\win32_rfdmap.obj
         x64\Debug\Win32_service.obj
         x64\Debug\Win32_Signal_Process.obj
         x64\Debug\Win32_StackTrace.obj
         x64\Debug\Win32_ThreadControl.obj
         x64\Debug\Win32_Time.obj
         x64\Debug\Win32_variadicFunctor.obj
         x64\Debug\win32_wsiocp.obj
         Win32_Interop.vcxproj -> C:\apps\redis-win-3.0.503\msvs\x64\Debug\Win32_Interop.lib
     1>已完成生成项目“C:\apps\redis-win-3.0.503\src\Win32_Interop\Win32_Interop.vcxproj”(Rebuild 个目标)的操作。

生成成功。

已用时间 00:00:08.89
