c:\apps\redis-win-3.0.503\src\win32_interop\x64\debug\vc120.pdb
c:\apps\redis-win-3.0.503\src\win32_interop\x64\debug\vc120.idb
c:\apps\redis-win-3.0.503\src\win32_interop\x64\debug\win32fixes.obj
c:\apps\redis-win-3.0.503\src\win32_interop\x64\debug\win32_ansi.obj
c:\apps\redis-win-3.0.503\src\win32_interop\x64\debug\win32_apis.obj
c:\apps\redis-win-3.0.503\src\win32_interop\x64\debug\win32_dlmalloc.obj
c:\apps\redis-win-3.0.503\src\win32_interop\x64\debug\win32_error.obj
c:\apps\redis-win-3.0.503\src\win32_interop\x64\debug\win32_pthread.obj
c:\apps\redis-win-3.0.503\src\win32_interop\x64\debug\win32_qfork_impl.obj
c:\apps\redis-win-3.0.503\src\win32_interop\x64\debug\win32_redislog.obj
c:\apps\redis-win-3.0.503\src\win32_interop\x64\debug\win32_signal_process.obj
c:\apps\redis-win-3.0.503\src\win32_interop\x64\debug\win32_threadcontrol.obj
c:\apps\redis-win-3.0.503\src\win32_interop\x64\debug\win32_time.obj
c:\apps\redis-win-3.0.503\src\win32_interop\x64\debug\win32_wsiocp.obj
c:\apps\redis-win-3.0.503\src\win32_interop\x64\debug\win32_commandline.obj
c:\apps\redis-win-3.0.503\src\win32_interop\x64\debug\win32_common.obj
c:\apps\redis-win-3.0.503\src\win32_interop\x64\debug\win32_eventlog.obj
c:\apps\redis-win-3.0.503\src\win32_interop\x64\debug\win32_fdapi.obj
c:\apps\redis-win-3.0.503\src\win32_interop\x64\debug\win32_fdapi_crt.obj
c:\apps\redis-win-3.0.503\src\win32_interop\x64\debug\win32_qfork.obj
c:\apps\redis-win-3.0.503\src\win32_interop\x64\debug\win32_rfdmap.obj
c:\apps\redis-win-3.0.503\src\win32_interop\x64\debug\win32_service.obj
c:\apps\redis-win-3.0.503\src\win32_interop\x64\debug\win32_stacktrace.obj
c:\apps\redis-win-3.0.503\src\win32_interop\x64\debug\win32_variadicfunctor.obj
c:\apps\redis-win-3.0.503\src\win32_interop\eventlog.h
c:\apps\redis-win-3.0.503\msvs\x64\debug\win32_interop.lib
c:\apps\redis-win-3.0.503\src\win32_interop\x64\debug\win32_interop.tlog\cl.command.1.tlog
c:\apps\redis-win-3.0.503\src\win32_interop\x64\debug\win32_interop.tlog\cl.read.1.tlog
c:\apps\redis-win-3.0.503\src\win32_interop\x64\debug\win32_interop.tlog\cl.write.1.tlog
c:\apps\redis-win-3.0.503\src\win32_interop\x64\debug\win32_interop.tlog\custombuild.command.1.tlog
c:\apps\redis-win-3.0.503\src\win32_interop\x64\debug\win32_interop.tlog\custombuild.read.1.tlog
c:\apps\redis-win-3.0.503\src\win32_interop\x64\debug\win32_interop.tlog\custombuild.write.1.tlog
c:\apps\redis-win-3.0.503\src\win32_interop\x64\debug\win32_interop.tlog\lib-link.read.1.tlog
c:\apps\redis-win-3.0.503\src\win32_interop\x64\debug\win32_interop.tlog\lib-link.write.1.tlog
c:\apps\redis-win-3.0.503\src\win32_interop\x64\debug\win32_interop.tlog\lib.command.1.tlog
