c:\users\liuyx\documents\visual studio 2015\projects\hytestbuilder\exportclass\debug\exportclass.pch
c:\users\liuyx\documents\visual studio 2015\projects\hytestbuilder\exportclass\debug\vc140.pdb
c:\users\liuyx\documents\visual studio 2015\projects\hytestbuilder\exportclass\debug\stdafx.obj
c:\users\liuyx\documents\visual studio 2015\projects\hytestbuilder\exportclass\debug\soemimplclass.obj
c:\users\liuyx\documents\visual studio 2015\projects\hytestbuilder\exportclass\debug\exportclass.obj
c:\users\liuyx\documents\visual studio 2015\projects\hytestbuilder\exportclass\debug\assemblyinfo.obj
c:\users\liuyx\documents\visual studio 2015\projects\hytestbuilder\exportclass\debug\.netframework,version=v4.5.2.assemblyattributes.obj
c:\users\liuyx\documents\visual studio 2015\projects\hytestbuilder\exportclass\debug\.netframework,version=v4.5.2.assemblyattributes.asm
c:\users\liuyx\documents\visual studio 2015\projects\hytestbuilder\debug\exportclass.dll
c:\users\liuyx\documents\visual studio 2015\projects\hytestbuilder\debug\exportclass.pdb
c:\users\liuyx\documents\visual studio 2015\projects\hytestbuilder\exportclass\debug\app.res
c:\myproject\hytestbuilder\exportclass\debug\app.res
c:\myproject\hytestbuilder\exportclass\debug\exportclass.tlog\cl.command.1.tlog
c:\myproject\hytestbuilder\exportclass\debug\exportclass.tlog\cl.read.1.tlog
c:\myproject\hytestbuilder\exportclass\debug\exportclass.tlog\cl.write.1.tlog
c:\myproject\hytestbuilder\exportclass\debug\exportclass.tlog\link.command.1.tlog
c:\myproject\hytestbuilder\exportclass\debug\exportclass.tlog\link.read.1.tlog
c:\myproject\hytestbuilder\exportclass\debug\exportclass.tlog\link.write.1.tlog
c:\myproject\hytestbuilder\exportclass\debug\exportclass.tlog\metagen.read.1.tlog
c:\myproject\hytestbuilder\exportclass\debug\exportclass.tlog\metagen.write.1.tlog
c:\myproject\hytestbuilder\exportclass\debug\exportclass.tlog\rc.command.1.tlog
c:\myproject\hytestbuilder\exportclass\debug\exportclass.tlog\rc.read.1.tlog
c:\myproject\hytestbuilder\exportclass\debug\exportclass.tlog\rc.write.1.tlog
c:\myproject\hytestbuilder\exportclass\debug\exportclass.tlog\tzres.dll.bi
