生成启动时间为 2019/5/17 14:41:16。
     1>项目“C:\apps\redis-win-3.0.503\src\Win32_Interop\Win32_Interop.vcxproj”在节点 2 上(Build 个目标)。
     1>ClCompile:
         C:\Program Files (x86)\Microsoft Visual Studio 12.0\VC\bin\CL.exe /c /I"C:\apps\redis-win-3.0.503\src\Win32_Interop\..\..\deps\lua\src" /I"C:\apps\redis-win-3.0.503\src\Win32_Interop\..\..\deps\jemalloc-win\include" /ZI /nologo /W3 /WX- /Od /Oy- /D USE_STATIC /D USE_JEMALLOC /D _OFF_T_DEFINED /D WIN32 /D _DEBUG /D _LIB /D _UNICODE /D UNICODE /D LACKS_STDLIB_H /D _CRT_SECURE_NO_WARNINGS /D PSAPI_VERSION=1 /D _WIN32_WINNT=0x0501 /Gm /EHsc /RTC1 /MTd /GS /fp:precise /Zc:wchar_t /Zc:forScope /Fo"Win32\Debug\\" /Fd"Win32\Debug\vc120.pdb" /Gd /TP /analyze- /errorReport:prompt Win32_EventLog.cpp
         Win32_EventLog.cpp
       Lib:
         C:\Program Files (x86)\Microsoft Visual Studio 12.0\VC\bin\Lib.exe /OUT:"C:\apps\redis-win-3.0.503\msvs\Win32\Debug\Win32_Interop.lib" DbgHelp.lib /NOLOGO /NODEFAULTLIB:MSVCRT Win32\Debug\win32fixes.obj
         Win32\Debug\Win32_ANSI.obj
         Win32\Debug\Win32_APIs.obj
         Win32\Debug\Win32_CommandLine.obj
         Win32\Debug\Win32_Common.obj
         Win32\Debug\Win32_dlmalloc.obj
         Win32\Debug\Win32_Error.obj
         Win32\Debug\Win32_EventLog.obj
         Win32\Debug\Win32_FDAPI.obj
         Win32\Debug\Win32_fdapi_crt.obj
         Win32\Debug\Win32_PThread.obj
         Win32\Debug\Win32_QFork.obj
         Win32\Debug\Win32_QFork_impl.obj
         Win32\Debug\Win32_RedisLog.obj
         Win32\Debug\win32_rfdmap.obj
         Win32\Debug\Win32_service.obj
         Win32\Debug\Win32_Signal_Process.obj
         Win32\Debug\Win32_StackTrace.obj
         Win32\Debug\Win32_ThreadControl.obj
         Win32\Debug\Win32_Time.obj
         Win32\Debug\Win32_variadicFunctor.obj
         Win32\Debug\win32_wsiocp.obj
         Win32_Interop.vcxproj -> C:\apps\redis-win-3.0.503\msvs\Win32\Debug\Win32_Interop.lib
     1>已完成生成项目“C:\apps\redis-win-3.0.503\src\Win32_Interop\Win32_Interop.vcxproj”(Build 个目标)的操作。

生成成功。

已用时间 00:00:01.14
